2019-04-12 16:27:08,085 [Worker-1] INFO  c.g.t.t.d.PublishedGradleVersions - Gradle version information cache is out-of-date. Trying to update.
2019-04-12 16:28:19,186 [Worker-0] INFO  c.g.t.t.d.PublishedGradleVersions - Gradle version information cache is up-to-date. Trying to read.
2019-04-12 16:34:05,892 [ModalContext] INFO  o.e.m.c.i.e.AbstractTransferListenerAdapter - Downloading https://repo.maven.apache.org/maven2/org/apache/maven/archetypes/maven-archetype-quickstart/1.1/maven-archetype-quickstart-1.1.jar
2019-04-12 16:34:06,082 [ModalContext] INFO  o.e.m.c.i.e.AbstractTransferListenerAdapter - Downloaded https://repo.maven.apache.org/maven2/org/apache/maven/archetypes/maven-archetype-quickstart/1.1/maven-archetype-quickstart-1.1.jar
2019-04-12 16:34:06,263 [ModalContext] INFO  o.e.m.c.i.e.AbstractTransferListenerAdapter - Downloading https://repo.maven.apache.org/maven2/org/apache/maven/archetypes/maven-archetype-quickstart/1.1/maven-archetype-quickstart-1.1.pom
2019-04-12 16:34:06,428 [ModalContext] INFO  o.e.m.c.i.e.AbstractTransferListenerAdapter - Downloaded https://repo.maven.apache.org/maven2/org/apache/maven/archetypes/maven-archetype-quickstart/1.1/maven-archetype-quickstart-1.1.pom
2019-04-12 16:37:14,918 [Worker-16] INFO  o.e.m.c.i.p.ProjectConfigurationManager - Collecting project info '/pom.xml' C:\proyectos\work-desde-cero\Practica\pom.xml
2019-04-12 16:37:16,370 [Worker-16] INFO  o.e.m.c.i.e.AbstractTransferListenerAdapter - Downloading https://repo.maven.apache.org/maven2/org/apache/maven/plugins/maven-compiler-plugin/3.1/maven-compiler-plugin-3.1.jar
2019-04-12 16:37:16,903 [Worker-16] INFO  o.e.m.c.i.e.AbstractTransferListenerAdapter - Downloaded https://repo.maven.apache.org/maven2/org/apache/maven/plugins/maven-compiler-plugin/3.1/maven-compiler-plugin-3.1.jar
2019-04-12 16:37:17,389 [Worker-16] INFO  o.e.m.c.i.e.AbstractTransferListenerAdapter - Downloading https://repo.maven.apache.org/maven2/org/apache/maven/plugins/maven-jar-plugin/2.4/maven-jar-plugin-2.4.jar
2019-04-12 16:37:17,557 [Worker-16] INFO  o.e.m.c.i.e.AbstractTransferListenerAdapter - Downloaded https://repo.maven.apache.org/maven2/org/apache/maven/plugins/maven-jar-plugin/2.4/maven-jar-plugin-2.4.jar
2019-04-12 16:37:17,855 [Worker-16] INFO  o.e.m.c.i.e.AbstractTransferListenerAdapter - Downloading https://repo.maven.apache.org/maven2/org/apache/maven/plugins/maven-compiler-plugin/3.1/maven-compiler-plugin-3.1.pom
2019-04-12 16:37:18,030 [Worker-16] INFO  o.e.m.c.i.e.AbstractTransferListenerAdapter - Downloaded https://repo.maven.apache.org/maven2/org/apache/maven/plugins/maven-compiler-plugin/3.1/maven-compiler-plugin-3.1.pom
2019-04-12 16:37:18,387 [Worker-16] INFO  o.e.m.c.i.e.AbstractTransferListenerAdapter - Downloading https://repo.maven.apache.org/maven2/org/codehaus/plexus/plexus-utils/1.5.1/plexus-utils-1.5.1.pom
2019-04-12 16:37:18,557 [Worker-16] INFO  o.e.m.c.i.e.AbstractTransferListenerAdapter - Downloaded https://repo.maven.apache.org/maven2/org/codehaus/plexus/plexus-utils/1.5.1/plexus-utils-1.5.1.pom
2019-04-12 16:37:18,865 [Worker-16] INFO  o.e.m.c.i.e.AbstractTransferListenerAdapter - Downloading https://repo.maven.apache.org/maven2/org/apache/maven/maven-toolchain/1.0/maven-toolchain-1.0.pom
2019-04-12 16:37:19,038 [Worker-16] INFO  o.e.m.c.i.e.AbstractTransferListenerAdapter - Downloaded https://repo.maven.apache.org/maven2/org/apache/maven/maven-toolchain/1.0/maven-toolchain-1.0.pom
2019-04-12 16:37:19,823 [Worker-16] INFO  o.e.m.c.i.e.AbstractTransferListenerAdapter - Downloading https://repo.maven.apache.org/maven2/org/codehaus/plexus/plexus-compiler-api/2.2/plexus-compiler-api-2.2.pom
2019-04-12 16:37:19,992 [Worker-16] INFO  o.e.m.c.i.e.AbstractTransferListenerAdapter - Downloaded https://repo.maven.apache.org/maven2/org/codehaus/plexus/plexus-compiler-api/2.2/plexus-compiler-api-2.2.pom
2019-04-12 16:37:20,184 [Worker-16] INFO  o.e.m.c.i.e.AbstractTransferListenerAdapter - Downloading https://repo.maven.apache.org/maven2/org/codehaus/plexus/plexus-compiler/2.2/plexus-compiler-2.2.pom
2019-04-12 16:37:20,355 [Worker-16] INFO  o.e.m.c.i.e.AbstractTransferListenerAdapter - Downloaded https://repo.maven.apache.org/maven2/org/codehaus/plexus/plexus-compiler/2.2/plexus-compiler-2.2.pom
2019-04-12 16:37:20,577 [Worker-16] INFO  o.e.m.c.i.e.AbstractTransferListenerAdapter - Downloading https://repo.maven.apache.org/maven2/org/codehaus/plexus/plexus-compiler-manager/2.2/plexus-compiler-manager-2.2.pom
2019-04-12 16:37:20,739 [Worker-16] INFO  o.e.m.c.i.e.AbstractTransferListenerAdapter - Downloaded https://repo.maven.apache.org/maven2/org/codehaus/plexus/plexus-compiler-manager/2.2/plexus-compiler-manager-2.2.pom
2019-04-12 16:37:20,902 [Worker-16] INFO  o.e.m.c.i.e.AbstractTransferListenerAdapter - Downloading https://repo.maven.apache.org/maven2/org/codehaus/plexus/plexus-compiler-javac/2.2/plexus-compiler-javac-2.2.pom
2019-04-12 16:37:21,062 [Worker-16] INFO  o.e.m.c.i.e.AbstractTransferListenerAdapter - Downloaded https://repo.maven.apache.org/maven2/org/codehaus/plexus/plexus-compiler-javac/2.2/plexus-compiler-javac-2.2.pom
2019-04-12 16:37:21,231 [Worker-16] INFO  o.e.m.c.i.e.AbstractTransferListenerAdapter - Downloading https://repo.maven.apache.org/maven2/org/codehaus/plexus/plexus-compilers/2.2/plexus-compilers-2.2.pom
2019-04-12 16:37:21,398 [Worker-16] INFO  o.e.m.c.i.e.AbstractTransferListenerAdapter - Downloaded https://repo.maven.apache.org/maven2/org/codehaus/plexus/plexus-compilers/2.2/plexus-compilers-2.2.pom
2019-04-12 16:37:21,714 [Worker-16] INFO  o.e.m.c.i.e.AbstractTransferListenerAdapter - Downloading https://repo.maven.apache.org/maven2/org/codehaus/plexus/plexus-utils/1.5.1/plexus-utils-1.5.1.jar
2019-04-12 16:37:22,353 [Worker-16] INFO  o.e.m.c.i.e.AbstractTransferListenerAdapter - Downloaded https://repo.maven.apache.org/maven2/org/codehaus/plexus/plexus-utils/1.5.1/plexus-utils-1.5.1.jar
2019-04-12 16:37:22,509 [Worker-16] INFO  o.e.m.c.i.e.AbstractTransferListenerAdapter - Downloading https://repo.maven.apache.org/maven2/org/apache/maven/maven-toolchain/1.0/maven-toolchain-1.0.jar
2019-04-12 16:37:22,689 [Worker-16] INFO  o.e.m.c.i.e.AbstractTransferListenerAdapter - Downloaded https://repo.maven.apache.org/maven2/org/apache/maven/maven-toolchain/1.0/maven-toolchain-1.0.jar
2019-04-12 16:37:22,852 [Worker-16] INFO  o.e.m.c.i.e.AbstractTransferListenerAdapter - Downloading https://repo.maven.apache.org/maven2/org/apache/maven/shared/maven-shared-utils/0.1/maven-shared-utils-0.1.jar
2019-04-12 16:37:23,630 [Worker-16] INFO  o.e.m.c.i.e.AbstractTransferListenerAdapter - Downloaded https://repo.maven.apache.org/maven2/org/apache/maven/shared/maven-shared-utils/0.1/maven-shared-utils-0.1.jar
2019-04-12 16:37:23,793 [Worker-16] INFO  o.e.m.c.i.e.AbstractTransferListenerAdapter - Downloading https://repo.maven.apache.org/maven2/org/codehaus/plexus/plexus-compiler-api/2.2/plexus-compiler-api-2.2.jar
2019-04-12 16:37:23,964 [Worker-16] INFO  o.e.m.c.i.e.AbstractTransferListenerAdapter - Downloaded https://repo.maven.apache.org/maven2/org/codehaus/plexus/plexus-compiler-api/2.2/plexus-compiler-api-2.2.jar
2019-04-12 16:37:24,128 [Worker-16] INFO  o.e.m.c.i.e.AbstractTransferListenerAdapter - Downloading https://repo.maven.apache.org/maven2/org/codehaus/plexus/plexus-compiler-manager/2.2/plexus-compiler-manager-2.2.jar
2019-04-12 16:37:24,296 [Worker-16] INFO  o.e.m.c.i.e.AbstractTransferListenerAdapter - Downloaded https://repo.maven.apache.org/maven2/org/codehaus/plexus/plexus-compiler-manager/2.2/plexus-compiler-manager-2.2.jar
2019-04-12 16:37:24,462 [Worker-16] INFO  o.e.m.c.i.e.AbstractTransferListenerAdapter - Downloading https://repo.maven.apache.org/maven2/org/codehaus/plexus/plexus-compiler-javac/2.2/plexus-compiler-javac-2.2.jar
2019-04-12 16:37:24,643 [Worker-16] INFO  o.e.m.c.i.e.AbstractTransferListenerAdapter - Downloaded https://repo.maven.apache.org/maven2/org/codehaus/plexus/plexus-compiler-javac/2.2/plexus-compiler-javac-2.2.jar
2019-04-12 16:37:25,218 [Worker-16] INFO  o.e.m.c.i.l.LifecycleMappingFactory - Using org.eclipse.m2e.jdt.JarLifecycleMapping lifecycle mapping for MavenProject: Cabrera:Practica:0.0.1-SNAPSHOT @ C:\proyectos\work-desde-cero\Practica\pom.xml.
2019-04-12 16:37:25,968 [Worker-16] INFO  o.e.m.c.i.e.AbstractTransferListenerAdapter - Downloading https://repo.maven.apache.org/maven2/org/apache/maven/plugins/maven-jar-plugin/2.4/maven-jar-plugin-2.4.pom
2019-04-12 16:37:26,132 [Worker-16] INFO  o.e.m.c.i.e.AbstractTransferListenerAdapter - Downloaded https://repo.maven.apache.org/maven2/org/apache/maven/plugins/maven-jar-plugin/2.4/maven-jar-plugin-2.4.pom
2019-04-12 16:37:26,410 [Worker-16] INFO  o.e.m.c.i.e.AbstractTransferListenerAdapter - Downloading https://repo.maven.apache.org/maven2/org/apache/maven/maven-archiver/2.5/maven-archiver-2.5.pom
2019-04-12 16:37:26,601 [Worker-16] INFO  o.e.m.c.i.e.AbstractTransferListenerAdapter - Downloaded https://repo.maven.apache.org/maven2/org/apache/maven/maven-archiver/2.5/maven-archiver-2.5.pom
2019-04-12 16:37:26,821 [Worker-16] INFO  o.e.m.c.i.e.AbstractTransferListenerAdapter - Downloading https://repo.maven.apache.org/maven2/org/codehaus/plexus/plexus-archiver/2.1/plexus-archiver-2.1.pom
2019-04-12 16:37:27,004 [Worker-16] INFO  o.e.m.c.i.e.AbstractTransferListenerAdapter - Downloaded https://repo.maven.apache.org/maven2/org/codehaus/plexus/plexus-archiver/2.1/plexus-archiver-2.1.pom
2019-04-12 16:37:27,220 [Worker-16] INFO  o.e.m.c.i.e.AbstractTransferListenerAdapter - Downloading https://repo.maven.apache.org/maven2/org/codehaus/plexus/plexus-io/2.0.2/plexus-io-2.0.2.pom
2019-04-12 16:37:27,387 [Worker-16] INFO  o.e.m.c.i.e.AbstractTransferListenerAdapter - Downloaded https://repo.maven.apache.org/maven2/org/codehaus/plexus/plexus-io/2.0.2/plexus-io-2.0.2.pom
2019-04-12 16:37:27,554 [Worker-16] INFO  o.e.m.c.i.e.AbstractTransferListenerAdapter - Downloading https://repo.maven.apache.org/maven2/org/codehaus/plexus/plexus-components/1.1.19/plexus-components-1.1.19.pom
2019-04-12 16:37:27,739 [Worker-16] INFO  o.e.m.c.i.e.AbstractTransferListenerAdapter - Downloaded https://repo.maven.apache.org/maven2/org/codehaus/plexus/plexus-components/1.1.19/plexus-components-1.1.19.pom
2019-04-12 16:37:27,944 [Worker-16] INFO  o.e.m.c.i.e.AbstractTransferListenerAdapter - Downloading https://repo.maven.apache.org/maven2/commons-lang/commons-lang/2.1/commons-lang-2.1.pom
2019-04-12 16:37:28,153 [Worker-16] INFO  o.e.m.c.i.e.AbstractTransferListenerAdapter - Downloaded https://repo.maven.apache.org/maven2/commons-lang/commons-lang/2.1/commons-lang-2.1.pom
2019-04-12 16:37:28,392 [Worker-16] INFO  o.e.m.c.i.e.AbstractTransferListenerAdapter - Downloading https://repo.maven.apache.org/maven2/org/apache/maven/maven-archiver/2.5/maven-archiver-2.5.jar
2019-04-12 16:37:28,712 [Worker-16] INFO  o.e.m.c.i.e.AbstractTransferListenerAdapter - Downloaded https://repo.maven.apache.org/maven2/org/apache/maven/maven-archiver/2.5/maven-archiver-2.5.jar
2019-04-12 16:37:28,877 [Worker-16] INFO  o.e.m.c.i.e.AbstractTransferListenerAdapter - Downloading https://repo.maven.apache.org/maven2/org/codehaus/plexus/plexus-interpolation/1.15/plexus-interpolation-1.15.jar
2019-04-12 16:37:29,211 [Worker-16] INFO  o.e.m.c.i.e.AbstractTransferListenerAdapter - Downloaded https://repo.maven.apache.org/maven2/org/codehaus/plexus/plexus-interpolation/1.15/plexus-interpolation-1.15.jar
2019-04-12 16:37:29,372 [Worker-16] INFO  o.e.m.c.i.e.AbstractTransferListenerAdapter - Downloading https://repo.maven.apache.org/maven2/org/codehaus/plexus/plexus-archiver/2.1/plexus-archiver-2.1.jar
2019-04-12 16:37:29,877 [Worker-16] INFO  o.e.m.c.i.e.AbstractTransferListenerAdapter - Downloaded https://repo.maven.apache.org/maven2/org/codehaus/plexus/plexus-archiver/2.1/plexus-archiver-2.1.jar
2019-04-12 16:37:30,047 [Worker-16] INFO  o.e.m.c.i.e.AbstractTransferListenerAdapter - Downloading https://repo.maven.apache.org/maven2/org/codehaus/plexus/plexus-io/2.0.2/plexus-io-2.0.2.jar
2019-04-12 16:37:30,372 [Worker-16] INFO  o.e.m.c.i.e.AbstractTransferListenerAdapter - Downloaded https://repo.maven.apache.org/maven2/org/codehaus/plexus/plexus-io/2.0.2/plexus-io-2.0.2.jar
2019-04-12 16:37:30,538 [Worker-16] INFO  o.e.m.c.i.e.AbstractTransferListenerAdapter - Downloading https://repo.maven.apache.org/maven2/commons-lang/commons-lang/2.1/commons-lang-2.1.jar
2019-04-12 16:37:31,186 [Worker-16] INFO  o.e.m.c.i.e.AbstractTransferListenerAdapter - Downloaded https://repo.maven.apache.org/maven2/commons-lang/commons-lang/2.1/commons-lang-2.1.jar
2019-04-12 16:37:32,086 [Worker-16] INFO  o.e.m.j.i.AbstractJavaProjectConfigurator - Adding source folder /Practica/src/main/java
2019-04-12 16:37:32,089 [Worker-16] INFO  o.e.m.j.i.AbstractJavaProjectConfigurator - Adding source folder /Practica/src/test/java
2019-04-12 16:37:32,779 [Worker-16] INFO  o.e.m.c.i.p.ProjectConfigurationManager - Imported and configured 1 project(s) in 17 sec
2019-04-12 16:37:33,925 [Worker-27] INFO  o.e.m.c.i.embedder.EclipseLogger - Using 'UTF-8' encoding to copy filtered resources.
2019-04-12 16:37:33,926 [Worker-27] INFO  o.e.m.c.i.embedder.EclipseLogger - skip non existing resourceDirectory C:\proyectos\work-desde-cero\Practica\src\main\resources
2019-04-12 16:37:33,927 [Worker-27] INFO  o.e.m.c.i.embedder.EclipseLogger - Using 'UTF-8' encoding to copy filtered resources.
2019-04-12 16:37:33,928 [Worker-27] INFO  o.e.m.c.i.embedder.EclipseLogger - skip non existing resourceDirectory C:\proyectos\work-desde-cero\Practica\src\test\resources
2019-04-12 17:00:06,529 [Worker-31] INFO  o.e.m.c.i.embedder.EclipseLogger - Using 'UTF-8' encoding to copy filtered resources.
2019-04-12 17:00:06,534 [Worker-31] INFO  o.e.m.c.i.embedder.EclipseLogger - skip non existing resourceDirectory C:\proyectos\work-desde-cero\Practica\src\main\resources
2019-04-12 17:00:06,539 [Worker-31] INFO  o.e.m.c.i.embedder.EclipseLogger - Using 'UTF-8' encoding to copy filtered resources.
2019-04-12 17:00:06,539 [Worker-31] INFO  o.e.m.c.i.embedder.EclipseLogger - skip non existing resourceDirectory C:\proyectos\work-desde-cero\Practica\src\test\resources
2019-04-12 17:07:33,945 [Worker-30] INFO  o.e.m.c.i.p.ProjectConfigurationManager - Update started
2019-04-12 17:07:34,518 [Worker-30] INFO  o.e.m.c.i.l.LifecycleMappingFactory - Using org.eclipse.m2e.jdt.JarLifecycleMapping lifecycle mapping for MavenProject: Cabrera:Practica:0.0.1-SNAPSHOT @ C:\proyectos\work-desde-cero\Practica\pom.xml.
2019-04-12 17:07:34,972 [Worker-30] INFO  o.e.m.j.i.AbstractJavaProjectConfigurator - Adding source folder /Practica/src/main/java
2019-04-12 17:07:34,973 [Worker-30] INFO  o.e.m.j.i.AbstractJavaProjectConfigurator - Adding source folder /Practica/src/test/java
2019-04-12 17:07:35,137 [Worker-30] INFO  o.e.m.c.i.p.ProjectConfigurationManager - Update completed: 1 sec
2019-04-12 17:07:35,383 [Worker-31] INFO  o.e.m.c.i.embedder.EclipseLogger - Using 'UTF-8' encoding to copy filtered resources.
2019-04-12 17:07:35,383 [Worker-31] INFO  o.e.m.c.i.embedder.EclipseLogger - skip non existing resourceDirectory C:\proyectos\work-desde-cero\Practica\src\main\resources
2019-04-12 17:07:35,384 [Worker-31] INFO  o.e.m.c.i.embedder.EclipseLogger - Using 'UTF-8' encoding to copy filtered resources.
2019-04-12 17:07:35,385 [Worker-31] INFO  o.e.m.c.i.embedder.EclipseLogger - skip non existing resourceDirectory C:\proyectos\work-desde-cero\Practica\src\test\resources
2019-04-12 17:10:22,218 [main] ERROR o.e.m2e.editor.pom.OverviewPage - Failed to populate overview panel
java.lang.NullPointerException: null
	at org.eclipse.m2e.core.ui.internal.editing.PomEdits.performOnDOMDocument(PomEdits.java:510) ~[org.eclipse.m2e.core.ui_1.8.3.20180227-2137.jar:na]
	at org.eclipse.m2e.editor.pom.OverviewPage$17.run(OverviewPage.java:1129) ~[na:na]
	at org.eclipse.swt.widgets.RunnableLock.run(RunnableLock.java:37) [org.eclipse.swt.win32.win32.x86_3.106.3.v20180329-0507.jar:na]
	at org.eclipse.swt.widgets.Synchronizer.runAsyncMessages(Synchronizer.java:182) [org.eclipse.swt.win32.win32.x86_3.106.3.v20180329-0507.jar:na]
	at org.eclipse.swt.widgets.Display.runAsyncMessages(Display.java:4213) [org.eclipse.swt.win32.win32.x86_3.106.3.v20180329-0507.jar:na]
	at org.eclipse.swt.widgets.Display.readAndDispatch(Display.java:3820) [org.eclipse.swt.win32.win32.x86_3.106.3.v20180329-0507.jar:na]
	at org.eclipse.jface.operation.ModalContext$ModalContextThread.block(ModalContext.java:165) [org.eclipse.jface_3.13.2.v20171022-1656.jar:na]
	at org.eclipse.jface.operation.ModalContext.run(ModalContext.java:369) [org.eclipse.jface_3.13.2.v20171022-1656.jar:na]
	at org.eclipse.jface.dialogs.ProgressMonitorDialog.run(ProgressMonitorDialog.java:483) [org.eclipse.jface_3.13.2.v20171022-1656.jar:na]
	at org.eclipse.ui.internal.progress.ProgressMonitorJobsDialog.run(ProgressMonitorJobsDialog.java:237) [org.eclipse.ui.workbench_3.110.1.v20170704-1208.jar:na]
	at org.eclipse.ui.internal.ide.application.IDEWorkbenchAdvisor.disconnectFromWorkspace(IDEWorkbenchAdvisor.java:533) [org.eclipse.ui.ide.application_1.2.0.v20170512-1452.jar:na]
	at org.eclipse.ui.internal.ide.application.IDEWorkbenchAdvisor.access$2(IDEWorkbenchAdvisor.java:505) [org.eclipse.ui.ide.application_1.2.0.v20170512-1452.jar:na]
	at org.eclipse.ui.internal.ide.application.IDEWorkbenchAdvisor$3.run(IDEWorkbenchAdvisor.java:346) [org.eclipse.ui.ide.application_1.2.0.v20170512-1452.jar:na]
	at org.eclipse.ui.internal.ide.application.IDEWorkbenchAdvisor.postShutdown(IDEWorkbenchAdvisor.java:367) [org.eclipse.ui.ide.application_1.2.0.v20170512-1452.jar:na]
	at org.eclipse.ui.internal.Workbench.shutdown(Workbench.java:3019) [org.eclipse.ui.workbench_3.110.1.v20170704-1208.jar:na]
	at org.eclipse.ui.internal.Workbench.busyClose(Workbench.java:1174) [org.eclipse.ui.workbench_3.110.1.v20170704-1208.jar:na]
	at org.eclipse.ui.internal.Workbench.lambda$4(Workbench.java:1424) [org.eclipse.ui.workbench_3.110.1.v20170704-1208.jar:na]
	at org.eclipse.swt.custom.BusyIndicator.showWhile(BusyIndicator.java:70) ~[org.eclipse.swt.win32.win32.x86_3.106.3.v20180329-0507.jar:na]
	at org.eclipse.ui.internal.Workbench.close(Workbench.java:1424) [org.eclipse.ui.workbench_3.110.1.v20170704-1208.jar:na]
	at org.eclipse.ui.internal.Workbench.restart(Workbench.java:2576) [org.eclipse.ui.workbench_3.110.1.v20170704-1208.jar:na]
	at org.eclipse.ui.internal.ide.actions.OpenWorkspaceAction.restart(OpenWorkspaceAction.java:247) ~[na:na]
	at org.eclipse.ui.internal.ide.actions.OpenWorkspaceAction.access$0(OpenWorkspaceAction.java:239) ~[na:na]
	at org.eclipse.ui.internal.ide.actions.OpenWorkspaceAction$WorkspaceMRUAction.run(OpenWorkspaceAction.java:91) ~[na:na]
	at org.eclipse.jface.action.Action.runWithEvent(Action.java:473) ~[org.eclipse.jface_3.13.2.v20171022-1656.jar:na]
	at org.eclipse.jface.action.ActionContributionItem.handleWidgetSelection(ActionContributionItem.java:565) ~[org.eclipse.jface_3.13.2.v20171022-1656.jar:na]
	at org.eclipse.jface.action.ActionContributionItem.lambda$4(ActionContributionItem.java:397) ~[org.eclipse.jface_3.13.2.v20171022-1656.jar:na]
	at org.eclipse.swt.widgets.EventTable.sendEvent(EventTable.java:86) ~[org.eclipse.swt.win32.win32.x86_3.106.3.v20180329-0507.jar:na]
	at org.eclipse.swt.widgets.Display.sendEvent(Display.java:4428) [org.eclipse.swt.win32.win32.x86_3.106.3.v20180329-0507.jar:na]
	at org.eclipse.swt.widgets.Widget.sendEvent(Widget.java:1079) ~[org.eclipse.swt.win32.win32.x86_3.106.3.v20180329-0507.jar:na]
	at org.eclipse.swt.widgets.Widget.sendEvent(Widget.java:1103) ~[org.eclipse.swt.win32.win32.x86_3.106.3.v20180329-0507.jar:na]
	at org.eclipse.swt.widgets.Widget.sendEvent(Widget.java:1088) ~[org.eclipse.swt.win32.win32.x86_3.106.3.v20180329-0507.jar:na]
	at org.eclipse.swt.widgets.Widget.notifyListeners(Widget.java:802) ~[org.eclipse.swt.win32.win32.x86_3.106.3.v20180329-0507.jar:na]
	at org.eclipse.jface.action.ActionContributionItem.lambda$8(ActionContributionItem.java:1257) ~[org.eclipse.jface_3.13.2.v20171022-1656.jar:na]
	at org.eclipse.swt.widgets.EventTable.sendEvent(EventTable.java:86) ~[org.eclipse.swt.win32.win32.x86_3.106.3.v20180329-0507.jar:na]
	at org.eclipse.swt.widgets.Display.sendEvent(Display.java:4428) [org.eclipse.swt.win32.win32.x86_3.106.3.v20180329-0507.jar:na]
	at org.eclipse.swt.widgets.Widget.sendEvent(Widget.java:1079) ~[org.eclipse.swt.win32.win32.x86_3.106.3.v20180329-0507.jar:na]
	at org.eclipse.swt.widgets.Display.runDeferredEvents(Display.java:4238) [org.eclipse.swt.win32.win32.x86_3.106.3.v20180329-0507.jar:na]
	at org.eclipse.swt.widgets.Display.readAndDispatch(Display.java:3817) [org.eclipse.swt.win32.win32.x86_3.106.3.v20180329-0507.jar:na]
	at org.eclipse.e4.ui.internal.workbench.swt.PartRenderingEngine$5.run(PartRenderingEngine.java:1150) ~[org.eclipse.e4.ui.workbench.swt_0.14.101.v20170710-1119.jar:na]
	at org.eclipse.core.databinding.observable.Realm.runWithDefault(Realm.java:336) ~[org.eclipse.core.databinding.observable_1.6.100.v20170515-1119.jar:na]
	at org.eclipse.e4.ui.internal.workbench.swt.PartRenderingEngine.run(PartRenderingEngine.java:1039) ~[org.eclipse.e4.ui.workbench.swt_0.14.101.v20170710-1119.jar:na]
	at org.eclipse.e4.ui.internal.workbench.E4Workbench.createAndRunUI(E4Workbench.java:153) ~[org.eclipse.e4.ui.workbench_1.5.1.v20170815-1446.jar:na]
	at org.eclipse.ui.internal.Workbench.lambda$3(Workbench.java:680) [org.eclipse.ui.workbench_3.110.1.v20170704-1208.jar:na]
	at org.eclipse.core.databinding.observable.Realm.runWithDefault(Realm.java:336) ~[org.eclipse.core.databinding.observable_1.6.100.v20170515-1119.jar:na]
	at org.eclipse.ui.internal.Workbench.createAndRunWorkbench(Workbench.java:594) [org.eclipse.ui.workbench_3.110.1.v20170704-1208.jar:na]
	at org.eclipse.ui.PlatformUI.createAndRunWorkbench(PlatformUI.java:148) ~[org.eclipse.ui.workbench_3.110.1.v20170704-1208.jar:na]
	at org.eclipse.ui.internal.ide.application.IDEApplication.start(IDEApplication.java:151) ~[na:na]
	at org.eclipse.equinox.internal.app.EclipseAppHandle.run(EclipseAppHandle.java:196) ~[org.eclipse.equinox.app_1.3.400.v20150715-1528.jar:na]
	at org.eclipse.core.runtime.internal.adaptor.EclipseAppLauncher.runApplication(EclipseAppLauncher.java:134) ~[org.eclipse.osgi_3.12.100.v20180210-1608.jar:na]
	at org.eclipse.core.runtime.internal.adaptor.EclipseAppLauncher.start(EclipseAppLauncher.java:104) ~[org.eclipse.osgi_3.12.100.v20180210-1608.jar:na]
	at org.eclipse.core.runtime.adaptor.EclipseStarter.run(EclipseStarter.java:388) ~[org.eclipse.osgi_3.12.100.v20180210-1608.jar:na]
	at org.eclipse.core.runtime.adaptor.EclipseStarter.run(EclipseStarter.java:243) ~[org.eclipse.osgi_3.12.100.v20180210-1608.jar:na]
	at sun.reflect.NativeMethodAccessorImpl.invoke0(Native Method) ~[na:1.8.0_171]
	at sun.reflect.NativeMethodAccessorImpl.invoke(Unknown Source) ~[na:1.8.0_171]
	at sun.reflect.DelegatingMethodAccessorImpl.invoke(Unknown Source) ~[na:1.8.0_171]
	at java.lang.reflect.Method.invoke(Unknown Source) ~[na:1.8.0_171]
	at org.eclipse.equinox.launcher.Main.invokeFramework(Main.java:653) ~[org.eclipse.equinox.launcher_1.4.0.v20161219-1356.jar:na]
	at org.eclipse.equinox.launcher.Main.basicRun(Main.java:590) ~[org.eclipse.equinox.launcher_1.4.0.v20161219-1356.jar:na]
	at org.eclipse.equinox.launcher.Main.run(Main.java:1499) ~[org.eclipse.equinox.launcher_1.4.0.v20161219-1356.jar:na]
2019-04-12 17:10:22,884 [Worker-34] INFO  o.e.m.c.i.e.AbstractTransferListenerAdapter - Downloading https://repo.maven.apache.org/maven2/org/apache/maven/plugins/maven-war-plugin/2.2/maven-war-plugin-2.2.jar
2019-04-12 17:10:23,350 [Worker-34] INFO  o.e.m.c.i.e.AbstractTransferListenerAdapter - Downloaded https://repo.maven.apache.org/maven2/org/apache/maven/plugins/maven-war-plugin/2.2/maven-war-plugin-2.2.jar
2019-04-12 17:10:23,734 [Worker-34] INFO  o.e.m.c.i.l.LifecycleMappingFactory - Using org.maven.ide.eclipse.wtp.WarLifecycleMapping lifecycle mapping for MavenProject: Cabrera:Practica:0.0.1-SNAPSHOT @ C:\proyectos\work-desde-cero\Practica\pom.xml.
2019-04-12 17:10:24,440 [Worker-34] INFO  o.e.m.c.i.e.AbstractTransferListenerAdapter - Downloading https://repo.maven.apache.org/maven2/org/apache/maven/plugins/maven-war-plugin/2.2/maven-war-plugin-2.2.pom
2019-04-12 17:10:24,599 [Worker-34] INFO  o.e.m.c.i.e.AbstractTransferListenerAdapter - Downloaded https://repo.maven.apache.org/maven2/org/apache/maven/plugins/maven-war-plugin/2.2/maven-war-plugin-2.2.pom
2019-04-12 17:10:24,855 [Worker-34] INFO  o.e.m.c.i.e.AbstractTransferListenerAdapter - Downloading https://repo.maven.apache.org/maven2/com/thoughtworks/xstream/xstream/1.3.1/xstream-1.3.1.pom
2019-04-12 17:10:25,021 [Worker-34] INFO  o.e.m.c.i.e.AbstractTransferListenerAdapter - Downloaded https://repo.maven.apache.org/maven2/com/thoughtworks/xstream/xstream/1.3.1/xstream-1.3.1.pom
2019-04-12 17:10:25,191 [Worker-34] INFO  o.e.m.c.i.e.AbstractTransferListenerAdapter - Downloading https://repo.maven.apache.org/maven2/com/thoughtworks/xstream/xstream-parent/1.3.1/xstream-parent-1.3.1.pom
2019-04-12 17:10:25,351 [Worker-34] INFO  o.e.m.c.i.e.AbstractTransferListenerAdapter - Downloaded https://repo.maven.apache.org/maven2/com/thoughtworks/xstream/xstream-parent/1.3.1/xstream-parent-1.3.1.pom
2019-04-12 17:10:25,528 [Worker-34] INFO  o.e.m.c.i.e.AbstractTransferListenerAdapter - Downloading https://repo.maven.apache.org/maven2/org/apache/maven/shared/maven-filtering/1.0-beta-2/maven-filtering-1.0-beta-2.pom
2019-04-12 17:10:25,715 [Worker-34] INFO  o.e.m.c.i.e.AbstractTransferListenerAdapter - Downloaded https://repo.maven.apache.org/maven2/org/apache/maven/shared/maven-filtering/1.0-beta-2/maven-filtering-1.0-beta-2.pom
2019-04-12 17:10:25,879 [Worker-34] INFO  o.e.m.c.i.e.AbstractTransferListenerAdapter - Downloading https://repo.maven.apache.org/maven2/org/apache/maven/shared/maven-shared-components/10/maven-shared-components-10.pom
2019-04-12 17:10:26,040 [Worker-34] INFO  o.e.m.c.i.e.AbstractTransferListenerAdapter - Downloaded https://repo.maven.apache.org/maven2/org/apache/maven/shared/maven-shared-components/10/maven-shared-components-10.pom
2019-04-12 17:10:26,225 [Worker-34] INFO  o.e.m.c.i.e.AbstractTransferListenerAdapter - Downloading https://repo.maven.apache.org/maven2/org/codehaus/plexus/plexus-utils/1.5.6/plexus-utils-1.5.6.pom
2019-04-12 17:10:26,423 [Worker-34] INFO  o.e.m.c.i.e.AbstractTransferListenerAdapter - Downloaded https://repo.maven.apache.org/maven2/org/codehaus/plexus/plexus-utils/1.5.6/plexus-utils-1.5.6.pom
2019-04-12 17:10:26,592 [Worker-34] INFO  o.e.m.c.i.e.AbstractTransferListenerAdapter - Downloading https://repo.maven.apache.org/maven2/org/codehaus/plexus/plexus/1.0.12/plexus-1.0.12.pom
2019-04-12 17:10:26,755 [Worker-34] INFO  o.e.m.c.i.e.AbstractTransferListenerAdapter - Downloaded https://repo.maven.apache.org/maven2/org/codehaus/plexus/plexus/1.0.12/plexus-1.0.12.pom
2019-04-12 17:10:26,920 [Worker-34] INFO  o.e.m.c.i.e.AbstractTransferListenerAdapter - Downloading https://repo.maven.apache.org/maven2/org/codehaus/plexus/plexus-interpolation/1.6/plexus-interpolation-1.6.pom
2019-04-12 17:10:27,106 [Worker-34] INFO  o.e.m.c.i.e.AbstractTransferListenerAdapter - Downloaded https://repo.maven.apache.org/maven2/org/codehaus/plexus/plexus-interpolation/1.6/plexus-interpolation-1.6.pom
2019-04-12 17:10:27,287 [Worker-34] INFO  o.e.m.c.i.e.AbstractTransferListenerAdapter - Downloading https://repo.maven.apache.org/maven2/com/thoughtworks/xstream/xstream/1.3.1/xstream-1.3.1.jar
2019-04-12 17:10:29,909 [Worker-34] INFO  o.e.m.c.i.e.AbstractTransferListenerAdapter - Downloaded https://repo.maven.apache.org/maven2/com/thoughtworks/xstream/xstream/1.3.1/xstream-1.3.1.jar
2019-04-12 17:10:30,066 [Worker-34] INFO  o.e.m.c.i.e.AbstractTransferListenerAdapter - Downloading https://repo.maven.apache.org/maven2/org/apache/maven/shared/maven-filtering/1.0-beta-2/maven-filtering-1.0-beta-2.jar
2019-04-12 17:10:30,381 [Worker-34] INFO  o.e.m.c.i.e.AbstractTransferListenerAdapter - Downloaded https://repo.maven.apache.org/maven2/org/apache/maven/shared/maven-filtering/1.0-beta-2/maven-filtering-1.0-beta-2.jar
2019-04-12 17:10:31,259 [Worker-34] INFO  o.e.m.c.i.embedder.EclipseLogger - Using 'UTF-8' encoding to copy filtered resources.
2019-04-12 17:10:31,260 [Worker-34] INFO  o.e.m.c.i.embedder.EclipseLogger - skip non existing resourceDirectory C:\proyectos\work-desde-cero\Practica\src\main\resources
2019-04-12 17:10:31,263 [Worker-34] INFO  o.e.m.c.i.embedder.EclipseLogger - Using 'UTF-8' encoding to copy filtered resources.
2019-04-12 17:10:31,263 [Worker-34] INFO  o.e.m.c.i.embedder.EclipseLogger - skip non existing resourceDirectory C:\proyectos\work-desde-cero\Practica\src\test\resources
2019-04-12 17:10:31,268 [Worker-34] INFO  o.e.m.w.i.f.ResourceFilteringBuildParticipant - Changed resources require a complete clean of filtered resources of Practica
2019-04-12 17:10:31,268 [Worker-34] INFO  o.e.m.w.i.f.ResourceFilteringBuildParticipant - Executing resource filtering for Practica
2019-04-12 17:10:31,283 [Worker-34] INFO  o.e.m.c.i.embedder.EclipseLogger - Using 'UTF-8' encoding to copy filtered resources.
